2024-12-24 09:25:30,858 - Trying to assign value 9 to cell (5, 1)
2024-12-24 09:25:30,859 - Step 1: Assigned value to cell (5, 1)
2024-12-24 09:25:30,859 - Trying to assign value 2 to cell (0, 1)
2024-12-24 09:25:30,904 - Step 2: Assigned value to cell (0, 1)
2024-12-24 09:25:30,904 - Trying to assign value 3 to cell (4, 1)
2024-12-24 09:25:30,914 - Step 3: Assigned value to cell (4, 1)
2024-12-24 09:25:30,914 - Trying to assign value 8 to cell (7, 1)
2024-12-24 09:25:30,914 - Step 4: Assigned value to cell (7, 1)
2024-12-24 09:25:30,914 - Trying to assign value 1 to cell (8, 1)
2024-12-24 09:25:30,925 - Step 5: Assigned value to cell (8, 1)
2024-12-24 09:25:30,925 - Trying to assign value 6 to cell (0, 5)
2024-12-24 09:25:30,994 - Step 6: Assigned value to cell (0, 5)
2024-12-24 09:25:30,994 - Trying to assign value 8 to cell (0, 6)
2024-12-24 09:25:30,994 - Step 7: Assigned value to cell (0, 6)
2024-12-24 09:25:30,994 - Trying to assign value 7 to cell (0, 8)
2024-12-24 09:25:30,994 - Step 8: Assigned value to cell (0, 8)
2024-12-24 09:25:30,994 - Trying to assign value 9 to cell (3, 6)
2024-12-24 09:25:31,004 - Step 9: Assigned value to cell (3, 6)
2024-12-24 09:25:31,004 - Trying to assign value 8 to cell (1, 0)
2024-12-24 09:25:31,014 - Step 10: Assigned value to cell (1, 0)
2024-12-24 09:25:31,014 - Trying to assign value 3 to cell (1, 2)
2024-12-24 09:25:31,044 - Step 11: Assigned value to cell (1, 2)
2024-12-24 09:25:31,044 - Assignment of value 3 to cell (1, 2) is inconsistent.
2024-12-24 09:25:31,044 - Trying to assign value 9 to cell (1, 2)
2024-12-24 09:25:31,078 - Step 12: Assigned value to cell (1, 2)
2024-12-24 09:25:31,078 - Trying to assign value 7 to cell (2, 0)
2024-12-24 09:25:31,084 - Step 13: Assigned value to cell (2, 0)
2024-12-24 09:25:31,084 - Trying to assign value 3 to cell (2, 2)
2024-12-24 09:25:31,084 - Step 14: Assigned value to cell (2, 2)
2024-12-24 09:25:31,084 - Trying to assign value 3 to cell (1, 6)
2024-12-24 09:25:31,084 - Step 15: Assigned value to cell (1, 6)
2024-12-24 09:25:31,084 - Trying to assign value 1 to cell (3, 0)
2024-12-24 09:25:31,094 - Step 16: Assigned value to cell (3, 0)
2024-12-24 09:25:31,104 - Trying to assign value 4 to cell (3, 2)
2024-12-24 09:25:31,253 - Step 17: Assigned value to cell (3, 2)
2024-12-24 09:25:31,253 - Trying to assign value 3 to cell (3, 3)
2024-12-24 09:25:31,260 - Step 18: Assigned value to cell (3, 3)
2024-12-24 09:25:31,260 - Trying to assign value 8 to cell (3, 5)
2024-12-24 09:25:31,260 - Step 19: Assigned value to cell (3, 5)
2024-12-24 09:25:31,260 - Trying to assign value 7 to cell (3, 7)
2024-12-24 09:25:31,266 - Step 20: Assigned value to cell (3, 7)
2024-12-24 09:25:31,266 - Trying to assign value 2 to cell (3, 8)
2024-12-24 09:25:31,276 - Step 21: Assigned value to cell (3, 8)
2024-12-24 09:25:31,276 - Trying to assign value 6 to cell (5, 0)
2024-12-24 09:25:31,282 - Step 22: Assigned value to cell (5, 0)
2024-12-24 09:25:31,282 - Trying to assign value 7 to cell (5, 2)
2024-12-24 09:25:31,288 - Step 23: Assigned value to cell (5, 2)
2024-12-24 09:25:31,288 - Trying to assign value 2 to cell (5, 3)
2024-12-24 09:25:31,294 - Step 24: Assigned value to cell (5, 3)
2024-12-24 09:25:31,294 - Trying to assign value 4 to cell (5, 5)
2024-12-24 09:25:31,299 - Step 25: Assigned value to cell (5, 5)
2024-12-24 09:25:31,299 - Trying to assign value 5 to cell (5, 6)
2024-12-24 09:25:31,302 - Step 26: Assigned value to cell (5, 6)
2024-12-24 09:25:31,302 - Trying to assign value 8 to cell (5, 8)
2024-12-24 09:25:31,302 - Step 27: Assigned value to cell (5, 8)
2024-12-24 09:25:31,302 - Trying to assign value 6 to cell (6, 6)
2024-12-24 09:25:31,312 - Step 28: Assigned value to cell (6, 6)
2024-12-24 09:25:31,312 - Trying to assign value 1 to cell (1, 3)
2024-12-24 09:25:31,326 - Step 29: Assigned value to cell (1, 3)
2024-12-24 09:25:31,326 - Trying to assign value 2 to cell (1, 5)
2024-12-24 09:25:31,523 - Step 30: Assigned value to cell (1, 5)
2024-12-24 09:25:31,523 - Trying to assign value 5 to cell (1, 7)
2024-12-24 09:25:31,527 - Step 31: Assigned value to cell (1, 7)
2024-12-24 09:25:31,527 - Trying to assign value 4 to cell (1, 8)
2024-12-24 09:25:31,531 - Step 32: Assigned value to cell (1, 8)
2024-12-24 09:25:31,531 - Trying to assign value 5 to cell (2, 3)
2024-12-24 09:25:31,535 - Step 33: Assigned value to cell (2, 3)
2024-12-24 09:25:31,535 - Trying to assign value 8 to cell (2, 4)
2024-12-24 09:25:31,537 - Step 34: Assigned value to cell (2, 4)
2024-12-24 09:25:31,537 - Trying to assign value 9 to cell (2, 5)
2024-12-24 09:25:31,537 - Step 35: Assigned value to cell (2, 5)
2024-12-24 09:25:31,537 - Trying to assign value 2 to cell (2, 7)
2024-12-24 09:25:31,537 - Step 36: Assigned value to cell (2, 7)
2024-12-24 09:25:31,537 - Trying to assign value 6 to cell (2, 8)
2024-12-24 09:25:31,547 - Step 37: Assigned value to cell (2, 8)
2024-12-24 09:25:31,547 - Trying to assign value 9 to cell (4, 3)
2024-12-24 09:25:31,547 - Step 38: Assigned value to cell (4, 3)
2024-12-24 09:25:31,547 - Trying to assign value 5 to cell (4, 4)
2024-12-24 09:25:31,557 - Step 39: Assigned value to cell (4, 4)
2024-12-24 09:25:31,557 - Trying to assign value 7 to cell (4, 5)
2024-12-24 09:25:31,557 - Step 40: Assigned value to cell (4, 5)
2024-12-24 09:25:31,557 - Trying to assign value 6 to cell (4, 7)
2024-12-24 09:25:31,557 - Step 41: Assigned value to cell (4, 7)
2024-12-24 09:25:31,557 - Trying to assign value 1 to cell (4, 8)
2024-12-24 09:25:31,567 - Step 42: Assigned value to cell (4, 8)
2024-12-24 09:25:31,567 - Trying to assign value 9 to cell (6, 0)
2024-12-24 09:25:31,567 - Step 43: Assigned value to cell (6, 0)
2024-12-24 09:25:31,567 - Trying to assign value 5 to cell (6, 2)
2024-12-24 09:25:31,577 - Step 44: Assigned value to cell (6, 2)
2024-12-24 09:25:31,577 - Trying to assign value 2 to cell (6, 4)
2024-12-24 09:25:31,579 - Step 45: Assigned value to cell (6, 4)
2024-12-24 09:25:31,579 - Trying to assign value 1 to cell (6, 5)
2024-12-24 09:25:31,579 - Step 46: Assigned value to cell (6, 5)
2024-12-24 09:25:31,579 - Trying to assign value 4 to cell (6, 7)
2024-12-24 09:25:31,587 - Step 47: Assigned value to cell (6, 7)
2024-12-24 09:25:31,587 - Trying to assign value 4 to cell (7, 0)
2024-12-24 09:25:31,587 - Step 48: Assigned value to cell (7, 0)
2024-12-24 09:25:31,587 - Trying to assign value 6 to cell (7, 2)
2024-12-24 09:25:31,597 - Step 49: Assigned value to cell (7, 2)
2024-12-24 09:25:31,597 - Trying to assign value 7 to cell (7, 3)
2024-12-24 09:25:31,597 - Step 50: Assigned value to cell (7, 3)
2024-12-24 09:25:31,597 - Trying to assign value 9 to cell (7, 4)
2024-12-24 09:25:31,607 - Step 51: Assigned value to cell (7, 4)
2024-12-24 09:25:31,607 - Trying to assign value 3 to cell (7, 5)
2024-12-24 09:25:31,607 - Step 52: Assigned value to cell (7, 5)
2024-12-24 09:25:31,607 - Trying to assign value 1 to cell (7, 7)
2024-12-24 09:25:31,607 - Step 53: Assigned value to cell (7, 7)
2024-12-24 09:25:31,617 - Trying to assign value 5 to cell (7, 8)
2024-12-24 09:25:31,617 - Step 54: Assigned value to cell (7, 8)
2024-12-24 09:25:31,617 - Trying to assign value 2 to cell (8, 2)
2024-12-24 09:25:31,617 - Step 55: Assigned value to cell (8, 2)
2024-12-24 09:25:31,617 - Trying to assign value 6 to cell (8, 3)
2024-12-24 09:25:31,627 - Step 56: Assigned value to cell (8, 3)
2024-12-24 09:25:31,627 - Trying to assign value 4 to cell (8, 4)
2024-12-24 09:25:31,627 - Step 57: Assigned value to cell (8, 4)
2024-12-24 09:25:31,627 - Trying to assign value 5 to cell (8, 5)
2024-12-24 09:25:31,627 - Step 58: Assigned value to cell (8, 5)
2024-12-24 09:25:31,627 - Board solved successfully.
2024-12-24 09:27:45,825 - Trying to assign value 3 to cell (1, 0)
2024-12-24 09:27:45,825 - Step 1: Assigned value to cell (1, 0)
2024-12-24 09:27:45,825 - Trying to assign value 7 to cell (1, 1)
2024-12-24 09:27:45,835 - Step 2: Assigned value to cell (1, 1)
2024-12-24 09:27:45,835 - Trying to assign value 6 to cell (1, 2)
2024-12-24 09:27:45,835 - Step 3: Assigned value to cell (1, 2)
2024-12-24 09:27:45,835 - Trying to assign value 5 to cell (1, 4)
2024-12-24 09:27:45,835 - Step 4: Assigned value to cell (1, 4)
2024-12-24 09:27:45,835 - Trying to assign value 4 to cell (1, 7)
2024-12-24 09:27:45,845 - Step 5: Assigned value to cell (1, 7)
2024-12-24 09:27:45,845 - Trying to assign value 5 to cell (5, 2)
2024-12-24 09:27:45,845 - Step 6: Assigned value to cell (5, 2)
2024-12-24 09:27:45,845 - Trying to assign value 1 to cell (5, 4)
2024-12-24 09:27:45,855 - Step 7: Assigned value to cell (5, 4)
2024-12-24 09:27:45,855 - Trying to assign value 8 to cell (5, 6)
2024-12-24 09:27:45,855 - Step 8: Assigned value to cell (5, 6)
2024-12-24 09:27:45,855 - Trying to assign value 2 to cell (5, 8)
2024-12-24 09:27:45,855 - Step 9: Assigned value to cell (5, 8)
2024-12-24 09:27:45,855 - Trying to assign value 8 to cell (0, 0)
2024-12-24 09:27:45,908 - Step 10: Assigned value to cell (0, 0)
2024-12-24 09:27:45,915 - Trying to assign value 1 to cell (2, 1)
2024-12-24 09:27:45,915 - Step 11: Assigned value to cell (2, 1)
2024-12-24 09:27:45,915 - Trying to assign value 9 to cell (2, 2)
2024-12-24 09:27:45,915 - Step 12: Assigned value to cell (2, 2)
2024-12-24 09:27:45,915 - Trying to assign value 6 to cell (0, 5)
2024-12-24 09:27:45,975 - Step 13: Assigned value to cell (0, 5)
2024-12-24 09:27:45,975 - Trying to assign value 9 to cell (0, 7)
2024-12-24 09:27:45,975 - Step 14: Assigned value to cell (0, 7)
2024-12-24 09:27:45,975 - Trying to assign value 2 to cell (2, 7)
2024-12-24 09:27:45,975 - Step 15: Assigned value to cell (2, 7)
2024-12-24 09:27:45,975 - Trying to assign value 6 to cell (4, 7)
2024-12-24 09:27:45,985 - Step 16: Assigned value to cell (4, 7)
2024-12-24 09:27:45,985 - Trying to assign value 3 to cell (0, 4)
2024-12-24 09:27:46,015 - Step 17: Assigned value to cell (0, 4)
2024-12-24 09:27:46,015 - Trying to assign value 7 to cell (0, 6)
2024-12-24 09:27:46,025 - Step 18: Assigned value to cell (0, 6)
2024-12-24 09:27:46,025 - Trying to assign value 5 to cell (0, 8)
2024-12-24 09:27:46,025 - Step 19: Assigned value to cell (0, 8)
2024-12-24 09:27:46,025 - Trying to assign value 7 to cell (2, 3)
2024-12-24 09:27:46,045 - Step 20: Assigned value to cell (2, 3)
2024-12-24 09:27:46,045 - Trying to assign value 4 to cell (2, 4)
2024-12-24 09:27:46,107 - Step 21: Assigned value to cell (2, 4)
2024-12-24 09:27:46,107 - Trying to assign value 8 to cell (2, 5)
2024-12-24 09:27:46,110 - Step 22: Assigned value to cell (2, 5)
2024-12-24 09:27:46,110 - Trying to assign value 7 to cell (3, 5)
2024-12-24 09:27:46,117 - Step 23: Assigned value to cell (3, 5)
2024-12-24 09:27:46,117 - Trying to assign value 5 to cell (4, 5)
2024-12-24 09:27:46,124 - Step 24: Assigned value to cell (4, 5)
2024-12-24 09:27:46,124 - Trying to assign value 3 to cell (2, 6)
2024-12-24 09:27:46,201 - Step 25: Assigned value to cell (2, 6)
2024-12-24 09:27:46,202 - Trying to assign value 6 to cell (2, 8)
2024-12-24 09:27:46,206 - Step 26: Assigned value to cell (2, 8)
2024-12-24 09:27:46,207 - Trying to assign value 3 to cell (3, 8)
2024-12-24 09:27:46,210 - Step 27: Assigned value to cell (3, 8)
2024-12-24 09:27:46,210 - Trying to assign value 6 to cell (6, 6)
2024-12-24 09:27:46,217 - Step 28: Assigned value to cell (6, 6)
2024-12-24 09:27:46,217 - Trying to assign value 4 to cell (6, 8)
2024-12-24 09:27:46,222 - Step 29: Assigned value to cell (6, 8)
2024-12-24 09:27:46,222 - Trying to assign value 2 to cell (7, 6)
2024-12-24 09:27:46,226 - Step 30: Assigned value to cell (7, 6)
2024-12-24 09:27:46,226 - Trying to assign value 7 to cell (8, 8)
2024-12-24 09:27:46,230 - Step 31: Assigned value to cell (8, 8)
2024-12-24 09:27:46,230 - Trying to assign value 2 to cell (3, 1)
2024-12-24 09:27:46,245 - Step 32: Assigned value to cell (3, 1)
2024-12-24 09:27:46,245 - Assignment of value 2 to cell (3, 1) is inconsistent.
2024-12-24 09:27:46,245 - Trying to assign value 8 to cell (3, 1)
2024-12-24 09:27:46,375 - Step 33: Assigned value to cell (3, 1)
2024-12-24 09:27:46,375 - Trying to assign value 1 to cell (3, 0)
2024-12-24 09:27:46,385 - Step 34: Assigned value to cell (3, 0)
2024-12-24 09:27:46,385 - Trying to assign value 4 to cell (3, 2)
2024-12-24 09:27:46,385 - Step 35: Assigned value to cell (3, 2)
2024-12-24 09:27:46,385 - Trying to assign value 2 to cell (3, 4)
2024-12-24 09:27:46,385 - Step 36: Assigned value to cell (3, 4)
2024-12-24 09:27:46,385 - Trying to assign value 9 to cell (3, 6)
2024-12-24 09:27:46,395 - Step 37: Assigned value to cell (3, 6)
2024-12-24 09:27:46,395 - Trying to assign value 2 to cell (4, 0)
2024-12-24 09:27:46,395 - Step 38: Assigned value to cell (4, 0)
2024-12-24 09:27:46,395 - Trying to assign value 3 to cell (4, 1)
2024-12-24 09:27:46,405 - Step 39: Assigned value to cell (4, 1)
2024-12-24 09:27:46,405 - Trying to assign value 9 to cell (4, 3)
2024-12-24 09:27:46,414 - Step 40: Assigned value to cell (4, 3)
2024-12-24 09:27:46,414 - Trying to assign value 8 to cell (4, 4)
2024-12-24 09:27:46,418 - Step 41: Assigned value to cell (4, 4)
2024-12-24 09:27:46,418 - Trying to assign value 4 to cell (4, 6)
2024-12-24 09:27:46,423 - Step 42: Assigned value to cell (4, 6)
2024-12-24 09:27:46,423 - Trying to assign value 5 to cell (6, 1)
2024-12-24 09:27:46,427 - Step 43: Assigned value to cell (6, 1)
2024-12-24 09:27:46,427 - Trying to assign value 1 to cell (6, 2)
2024-12-24 09:27:46,432 - Step 44: Assigned value to cell (6, 2)
2024-12-24 09:27:46,432 - Trying to assign value 8 to cell (6, 3)
2024-12-24 09:27:46,436 - Step 45: Assigned value to cell (6, 3)
2024-12-24 09:27:46,436 - Trying to assign value 4 to cell (7, 0)
2024-12-24 09:27:46,441 - Step 46: Assigned value to cell (7, 0)
2024-12-24 09:27:46,441 - Trying to assign value 6 to cell (7, 1)
2024-12-24 09:27:46,445 - Step 47: Assigned value to cell (7, 1)
2024-12-24 09:27:46,445 - Trying to assign value 3 to cell (7, 2)
2024-12-24 09:27:46,449 - Step 48: Assigned value to cell (7, 2)
2024-12-24 09:27:46,450 - Trying to assign value 5 to cell (7, 3)
2024-12-24 09:27:46,453 - Step 49: Assigned value to cell (7, 3)
2024-12-24 09:27:46,453 - Trying to assign value 7 to cell (7, 4)
2024-12-24 09:27:46,458 - Step 50: Assigned value to cell (7, 4)
2024-12-24 09:27:46,458 - Trying to assign value 1 to cell (7, 5)
2024-12-24 09:27:46,462 - Step 51: Assigned value to cell (7, 5)
2024-12-24 09:27:46,462 - Trying to assign value 8 to cell (7, 7)
2024-12-24 09:27:46,466 - Step 52: Assigned value to cell (7, 7)
2024-12-24 09:27:46,467 - Trying to assign value 9 to cell (8, 0)
2024-12-24 09:27:46,471 - Step 53: Assigned value to cell (8, 0)
2024-12-24 09:27:46,471 - Trying to assign value 2 to cell (8, 1)
2024-12-24 09:27:46,475 - Step 54: Assigned value to cell (8, 1)
2024-12-24 09:27:46,475 - Trying to assign value 8 to cell (8, 2)
2024-12-24 09:27:46,479 - Step 55: Assigned value to cell (8, 2)
2024-12-24 09:27:46,479 - Trying to assign value 3 to cell (8, 3)
2024-12-24 09:27:46,483 - Step 56: Assigned value to cell (8, 3)
2024-12-24 09:27:46,483 - Trying to assign value 6 to cell (8, 4)
2024-12-24 09:27:46,488 - Step 57: Assigned value to cell (8, 4)
2024-12-24 09:27:46,488 - Trying to assign value 4 to cell (8, 5)
2024-12-24 09:27:46,492 - Step 58: Assigned value to cell (8, 5)
2024-12-24 09:27:46,492 - Trying to assign value 1 to cell (8, 7)
2024-12-24 09:27:46,498 - Step 59: Assigned value to cell (8, 7)
2024-12-24 09:27:46,498 - Board solved successfully.
2024-12-24 10:23:33,191 - Trying to assign value 4 to cell (0, 1)
2024-12-24 10:23:33,203 - Step 1: Assigned value to cell (0, 1)
2024-12-24 10:23:33,204 - Trying to assign value 2 to cell (0, 2)
2024-12-24 10:23:33,214 - Step 2: Assigned value to cell (0, 2)
2024-12-24 10:23:33,215 - Trying to assign value 5 to cell (0, 3)
2024-12-24 10:23:33,229 - Step 3: Assigned value to cell (0, 3)
2024-12-24 10:23:33,230 - Trying to assign value 7 to cell (0, 7)
2024-12-24 10:23:33,243 - Step 4: Assigned value to cell (0, 7)
2024-12-24 10:23:33,243 - Trying to assign value 6 to cell (1, 3)
2024-12-24 10:23:33,254 - Step 5: Assigned value to cell (1, 3)
2024-12-24 10:23:33,255 - Trying to assign value 3 to cell (1, 5)
2024-12-24 10:23:33,267 - Step 6: Assigned value to cell (1, 5)
2024-12-24 10:23:33,268 - Trying to assign value 4 to cell (1, 6)
2024-12-24 10:23:33,280 - Step 7: Assigned value to cell (1, 6)
2024-12-24 10:23:33,280 - Trying to assign value 2 to cell (2, 3)
2024-12-24 10:23:33,292 - Step 8: Assigned value to cell (2, 3)
2024-12-24 10:23:33,292 - Trying to assign value 8 to cell (2, 7)
2024-12-24 10:23:33,302 - Step 9: Assigned value to cell (2, 7)
2024-12-24 10:23:33,303 - Trying to assign value 1 to cell (3, 0)
2024-12-24 10:23:33,312 - Step 10: Assigned value to cell (3, 0)
2024-12-24 10:23:33,312 - Trying to assign value 3 to cell (3, 1)
2024-12-24 10:23:33,324 - Step 11: Assigned value to cell (3, 1)
2024-12-24 10:23:33,324 - Trying to assign value 2 to cell (3, 5)
2024-12-24 10:23:33,333 - Step 12: Assigned value to cell (3, 5)
2024-12-24 10:23:33,334 - Trying to assign value 6 to cell (3, 8)
2024-12-24 10:23:33,342 - Step 13: Assigned value to cell (3, 8)
2024-12-24 10:23:33,342 - Trying to assign value 8 to cell (4, 1)
2024-12-24 10:23:33,352 - Step 14: Assigned value to cell (4, 1)
2024-12-24 10:23:33,352 - Trying to assign value 6 to cell (4, 5)
2024-12-24 10:23:33,358 - Step 15: Assigned value to cell (4, 5)
2024-12-24 10:23:33,359 - Trying to assign value 5 to cell (5, 6)
2024-12-24 10:23:33,365 - Step 16: Assigned value to cell (5, 6)
2024-12-24 10:23:33,366 - Trying to assign value 8 to cell (6, 3)
2024-12-24 10:23:33,375 - Step 17: Assigned value to cell (6, 3)
2024-12-24 10:23:33,376 - Trying to assign value 2 to cell (7, 0)
2024-12-24 10:23:33,388 - Step 18: Assigned value to cell (7, 0)
2024-12-24 10:23:33,389 - Trying to assign value 7 to cell (7, 1)
2024-12-24 10:23:33,404 - Step 19: Assigned value to cell (7, 1)
2024-12-24 10:23:33,404 - Trying to assign value 3 to cell (7, 2)
2024-12-24 10:23:33,417 - Step 20: Assigned value to cell (7, 2)
2024-12-24 10:23:33,418 - Trying to assign value 9 to cell (7, 3)
2024-12-24 10:23:33,434 - Step 21: Assigned value to cell (7, 3)
2024-12-24 10:23:33,434 - Trying to assign value 6 to cell (7, 4)
2024-12-24 10:23:33,446 - Step 22: Assigned value to cell (7, 4)
2024-12-24 10:23:33,447 - Trying to assign value 1 to cell (7, 6)
2024-12-24 10:23:33,466 - Step 23: Assigned value to cell (7, 6)
2024-12-24 10:23:33,467 - Trying to assign value 5 to cell (7, 7)
2024-12-24 10:23:33,480 - Step 24: Assigned value to cell (7, 7)
2024-12-24 10:23:33,481 - Trying to assign value 4 to cell (8, 7)
2024-12-24 10:23:33,489 - Step 25: Assigned value to cell (8, 7)
2024-12-24 10:23:33,489 - Board solved successfully.
2024-12-24 10:23:47,708 - Trying to assign value 9 to cell (0, 0)
2024-12-24 10:23:47,714 - Step 1: Assigned value to cell (0, 0)
2024-12-24 10:23:47,714 - Trying to assign value 4 to cell (0, 2)
2024-12-24 10:23:47,720 - Step 2: Assigned value to cell (0, 2)
2024-12-24 10:23:47,720 - Trying to assign value 5 to cell (0, 4)
2024-12-24 10:23:47,726 - Step 3: Assigned value to cell (0, 4)
2024-12-24 10:23:47,726 - Trying to assign value 7 to cell (0, 6)
2024-12-24 10:23:47,731 - Step 4: Assigned value to cell (0, 6)
2024-12-24 10:23:47,731 - Trying to assign value 8 to cell (0, 7)
2024-12-24 10:23:47,736 - Step 5: Assigned value to cell (0, 7)
2024-12-24 10:23:47,736 - Trying to assign value 6 to cell (0, 8)
2024-12-24 10:23:47,742 - Step 6: Assigned value to cell (0, 8)
2024-12-24 10:23:47,742 - Trying to assign value 2 to cell (1, 0)
2024-12-24 10:23:47,748 - Step 7: Assigned value to cell (1, 0)
2024-12-24 10:23:47,749 - Trying to assign value 5 to cell (1, 2)
2024-12-24 10:23:47,754 - Step 8: Assigned value to cell (1, 2)
2024-12-24 10:23:47,754 - Trying to assign value 8 to cell (1, 4)
2024-12-24 10:23:47,760 - Step 9: Assigned value to cell (1, 4)
2024-12-24 10:23:47,760 - Trying to assign value 3 to cell (1, 5)
2024-12-24 10:23:47,767 - Step 10: Assigned value to cell (1, 5)
2024-12-24 10:23:47,767 - Trying to assign value 4 to cell (1, 6)
2024-12-24 10:23:47,772 - Step 11: Assigned value to cell (1, 6)
2024-12-24 10:23:47,772 - Trying to assign value 9 to cell (1, 7)
2024-12-24 10:23:47,777 - Step 12: Assigned value to cell (1, 7)
2024-12-24 10:23:47,778 - Trying to assign value 6 to cell (2, 1)
2024-12-24 10:23:47,783 - Step 13: Assigned value to cell (2, 1)
2024-12-24 10:23:47,783 - Trying to assign value 7 to cell (2, 3)
2024-12-24 10:23:47,788 - Step 14: Assigned value to cell (2, 3)
2024-12-24 10:23:47,788 - Trying to assign value 9 to cell (2, 4)
2024-12-24 10:23:47,792 - Step 15: Assigned value to cell (2, 4)
2024-12-24 10:23:47,793 - Trying to assign value 2 to cell (3, 1)
2024-12-24 10:23:47,798 - Step 16: Assigned value to cell (3, 1)
2024-12-24 10:23:47,798 - Trying to assign value 6 to cell (3, 2)
2024-12-24 10:23:47,804 - Step 17: Assigned value to cell (3, 2)
2024-12-24 10:23:47,805 - Trying to assign value 5 to cell (3, 3)
2024-12-24 10:23:47,811 - Step 18: Assigned value to cell (3, 3)
2024-12-24 10:23:47,811 - Trying to assign value 7 to cell (3, 4)
2024-12-24 10:23:47,818 - Step 19: Assigned value to cell (3, 4)
2024-12-24 10:23:47,818 - Trying to assign value 8 to cell (3, 5)
2024-12-24 10:23:47,824 - Step 20: Assigned value to cell (3, 5)
2024-12-24 10:23:47,824 - Trying to assign value 5 to cell (4, 0)
2024-12-24 10:23:47,830 - Step 21: Assigned value to cell (4, 0)
2024-12-24 10:23:47,830 - Trying to assign value 2 to cell (4, 4)
2024-12-24 10:23:47,836 - Step 22: Assigned value to cell (4, 4)
2024-12-24 10:23:47,836 - Trying to assign value 1 to cell (4, 5)
2024-12-24 10:23:47,841 - Step 23: Assigned value to cell (4, 5)
2024-12-24 10:23:47,841 - Trying to assign value 7 to cell (5, 0)
2024-12-24 10:23:47,848 - Step 24: Assigned value to cell (5, 0)
2024-12-24 10:23:47,848 - Trying to assign value 4 to cell (5, 1)
2024-12-24 10:23:47,855 - Step 25: Assigned value to cell (5, 1)
2024-12-24 10:23:47,856 - Trying to assign value 3 to cell (5, 3)
2024-12-24 10:23:47,862 - Step 26: Assigned value to cell (5, 3)
2024-12-24 10:23:47,862 - Trying to assign value 6 to cell (5, 4)
2024-12-24 10:23:47,869 - Step 27: Assigned value to cell (5, 4)
2024-12-24 10:23:47,869 - Trying to assign value 9 to cell (5, 5)
2024-12-24 10:23:47,875 - Step 28: Assigned value to cell (5, 5)
2024-12-24 10:23:47,875 - Trying to assign value 2 to cell (5, 8)
2024-12-24 10:23:47,879 - Step 29: Assigned value to cell (5, 8)
2024-12-24 10:23:47,879 - Trying to assign value 1 to cell (6, 1)
2024-12-24 10:23:47,885 - Step 30: Assigned value to cell (6, 1)
2024-12-24 10:23:47,885 - Trying to assign value 2 to cell (6, 3)
2024-12-24 10:23:47,889 - Step 31: Assigned value to cell (6, 3)
2024-12-24 10:23:47,889 - Trying to assign value 5 to cell (6, 6)
2024-12-24 10:23:47,893 - Step 32: Assigned value to cell (6, 6)
2024-12-24 10:23:47,894 - Trying to assign value 9 to cell (6, 8)
2024-12-24 10:23:47,898 - Step 33: Assigned value to cell (6, 8)
2024-12-24 10:23:47,898 - Trying to assign value 6 to cell (7, 0)
2024-12-24 10:23:47,903 - Step 34: Assigned value to cell (7, 0)
2024-12-24 10:23:47,904 - Trying to assign value 7 to cell (7, 5)
2024-12-24 10:23:47,908 - Step 35: Assigned value to cell (7, 5)
2024-12-24 10:23:47,908 - Trying to assign value 3 to cell (7, 7)
2024-12-24 10:23:47,912 - Step 36: Assigned value to cell (7, 7)
2024-12-24 10:23:47,912 - Trying to assign value 8 to cell (7, 8)
2024-12-24 10:23:47,917 - Step 37: Assigned value to cell (7, 8)
2024-12-24 10:23:47,917 - Trying to assign value 4 to cell (8, 0)
2024-12-24 10:23:47,922 - Step 38: Assigned value to cell (8, 0)
2024-12-24 10:23:47,922 - Trying to assign value 9 to cell (8, 1)
2024-12-24 10:23:47,927 - Step 39: Assigned value to cell (8, 1)
2024-12-24 10:23:47,927 - Trying to assign value 3 to cell (8, 2)
2024-12-24 10:23:47,932 - Step 40: Assigned value to cell (8, 2)
2024-12-24 10:23:47,932 - Trying to assign value 8 to cell (8, 3)
2024-12-24 10:23:47,937 - Step 41: Assigned value to cell (8, 3)
2024-12-24 10:23:47,937 - Trying to assign value 6 to cell (8, 7)
2024-12-24 10:23:47,943 - Step 42: Assigned value to cell (8, 7)
2024-12-24 10:23:47,943 - Board solved successfully.
2024-12-24 10:24:03,102 - Trying to assign value 7 to cell (0, 6)
2024-12-24 10:24:04,466 - Step 1: Assigned value to cell (0, 6)
2024-12-24 10:24:04,467 - Trying to assign value 4 to cell (0, 7)
2024-12-24 10:24:04,482 - Step 2: Assigned value to cell (0, 7)
2024-12-24 10:24:04,483 - Trying to assign value 4 to cell (1, 5)
2024-12-24 10:24:04,502 - Step 3: Assigned value to cell (1, 5)
2024-12-24 10:24:04,503 - Trying to assign value 8 to cell (1, 7)
2024-12-24 10:24:04,528 - Step 4: Assigned value to cell (1, 7)
2024-12-24 10:24:04,528 - Trying to assign value 2 to cell (2, 8)
2024-12-24 10:24:04,546 - Step 5: Assigned value to cell (2, 8)
2024-12-24 10:24:04,547 - Trying to assign value 2 to cell (3, 5)
2024-12-24 10:24:04,563 - Step 6: Assigned value to cell (3, 5)
2024-12-24 10:24:04,564 - Trying to assign value 9 to cell (3, 6)
2024-12-24 10:24:04,578 - Step 7: Assigned value to cell (3, 6)
2024-12-24 10:24:04,579 - Trying to assign value 7 to cell (3, 8)
2024-12-24 10:24:04,594 - Step 8: Assigned value to cell (3, 8)
2024-12-24 10:24:04,594 - Trying to assign value 6 to cell (4, 5)
2024-12-24 10:24:04,611 - Step 9: Assigned value to cell (4, 5)
2024-12-24 10:24:04,612 - Trying to assign value 2 to cell (4, 7)
2024-12-24 10:24:04,631 - Step 10: Assigned value to cell (4, 7)
2024-12-24 10:24:04,632 - Trying to assign value 8 to cell (4, 8)
2024-12-24 10:24:04,644 - Step 11: Assigned value to cell (4, 8)
2024-12-24 10:24:04,644 - Trying to assign value 7 to cell (5, 1)
2024-12-24 10:24:04,654 - Step 12: Assigned value to cell (5, 1)
2024-12-24 10:24:04,654 - Trying to assign value 6 to cell (5, 2)
2024-12-24 10:24:04,664 - Step 13: Assigned value to cell (5, 2)
2024-12-24 10:24:04,665 - Trying to assign value 8 to cell (5, 3)
2024-12-24 10:24:04,675 - Step 14: Assigned value to cell (5, 3)
2024-12-24 10:24:04,675 - Trying to assign value 9 to cell (5, 5)
2024-12-24 10:24:04,684 - Step 15: Assigned value to cell (5, 5)
2024-12-24 10:24:04,685 - Trying to assign value 1 to cell (5, 7)
2024-12-24 10:24:04,694 - Step 16: Assigned value to cell (5, 7)
2024-12-24 10:24:04,695 - Trying to assign value 3 to cell (6, 8)
2024-12-24 10:24:04,705 - Step 17: Assigned value to cell (6, 8)
2024-12-24 10:24:04,706 - Trying to assign value 8 to cell (7, 6)
2024-12-24 10:24:04,714 - Step 18: Assigned value to cell (7, 6)
2024-12-24 10:24:04,714 - Trying to assign value 3 to cell (8, 5)
2024-12-24 10:24:04,726 - Step 19: Assigned value to cell (8, 5)
2024-12-24 10:24:04,726 - Trying to assign value 6 to cell (8, 6)
2024-12-24 10:24:04,735 - Step 20: Assigned value to cell (8, 6)
2024-12-24 10:24:04,736 - Trying to assign value 4 to cell (8, 8)
2024-12-24 10:24:04,746 - Step 21: Assigned value to cell (8, 8)
2024-12-24 10:24:04,747 - Trying to assign value 1 to cell (0, 0)
2024-12-24 10:24:05,026 - Step 22: Assigned value to cell (0, 0)
2024-12-24 10:24:05,027 - Trying to assign value 8 to cell (0, 2)
2024-12-24 10:24:05,038 - Step 23: Assigned value to cell (0, 2)
2024-12-24 10:24:05,038 - Trying to assign value 2 to cell (0, 3)
2024-12-24 10:24:05,052 - Step 24: Assigned value to cell (0, 3)
2024-12-24 10:24:05,053 - Trying to assign value 3 to cell (0, 4)
2024-12-24 10:24:05,064 - Step 25: Assigned value to cell (0, 4)
2024-12-24 10:24:05,065 - Trying to assign value 5 to cell (3, 0)
2024-12-24 10:24:05,075 - Step 26: Assigned value to cell (3, 0)
2024-12-24 10:24:05,075 - Trying to assign value 1 to cell (3, 4)
2024-12-24 10:24:05,087 - Step 27: Assigned value to cell (3, 4)
2024-12-24 10:24:05,087 - Trying to assign value 3 to cell (4, 0)
2024-12-24 10:24:05,099 - Step 28: Assigned value to cell (4, 0)
2024-12-24 10:24:05,099 - Trying to assign value 1 to cell (4, 2)
2024-12-24 10:24:05,111 - Step 29: Assigned value to cell (4, 2)
2024-12-24 10:24:05,111 - Trying to assign value 7 to cell (1, 0)
2024-12-24 10:24:05,445 - Step 30: Assigned value to cell (1, 0)
2024-12-24 10:24:05,445 - Trying to assign value 2 to cell (1, 1)
2024-12-24 10:24:05,453 - Step 31: Assigned value to cell (1, 1)
2024-12-24 10:24:05,453 - Trying to assign value 3 to cell (1, 2)
2024-12-24 10:24:05,461 - Step 32: Assigned value to cell (1, 2)
2024-12-24 10:24:05,461 - Trying to assign value 1 to cell (1, 3)
2024-12-24 10:24:05,468 - Step 33: Assigned value to cell (1, 3)
2024-12-24 10:24:05,468 - Trying to assign value 9 to cell (1, 4)
2024-12-24 10:24:05,475 - Step 34: Assigned value to cell (1, 4)
2024-12-24 10:24:05,476 - Trying to assign value 4 to cell (2, 0)
2024-12-24 10:24:05,484 - Step 35: Assigned value to cell (2, 0)
2024-12-24 10:24:05,484 - Trying to assign value 5 to cell (2, 1)
2024-12-24 10:24:05,495 - Step 36: Assigned value to cell (2, 1)
2024-12-24 10:24:05,495 - Trying to assign value 9 to cell (2, 2)
2024-12-24 10:24:05,503 - Step 37: Assigned value to cell (2, 2)
2024-12-24 10:24:05,503 - Trying to assign value 7 to cell (2, 4)
2024-12-24 10:24:05,510 - Step 38: Assigned value to cell (2, 4)
2024-12-24 10:24:05,510 - Trying to assign value 7 to cell (4, 3)
2024-12-24 10:24:05,518 - Step 39: Assigned value to cell (4, 3)
2024-12-24 10:24:05,518 - Trying to assign value 5 to cell (4, 4)
2024-12-24 10:24:05,527 - Step 40: Assigned value to cell (4, 4)
2024-12-24 10:24:05,527 - Trying to assign value 6 to cell (6, 0)
2024-12-24 10:24:05,535 - Step 41: Assigned value to cell (6, 0)
2024-12-24 10:24:05,535 - Trying to assign value 4 to cell (6, 1)
2024-12-24 10:24:05,541 - Step 42: Assigned value to cell (6, 1)
2024-12-24 10:24:05,542 - Trying to assign value 5 to cell (6, 2)
2024-12-24 10:24:05,549 - Step 43: Assigned value to cell (6, 2)
2024-12-24 10:24:05,550 - Trying to assign value 9 to cell (6, 3)
2024-12-24 10:24:05,557 - Step 44: Assigned value to cell (6, 3)
2024-12-24 10:24:05,557 - Trying to assign value 8 to cell (6, 4)
2024-12-24 10:24:05,565 - Step 45: Assigned value to cell (6, 4)
2024-12-24 10:24:05,565 - Trying to assign value 9 to cell (7, 0)
2024-12-24 10:24:05,573 - Step 46: Assigned value to cell (7, 0)
2024-12-24 10:24:05,573 - Trying to assign value 3 to cell (7, 1)
2024-12-24 10:24:05,579 - Step 47: Assigned value to cell (7, 1)
2024-12-24 10:24:05,579 - Trying to assign value 6 to cell (7, 4)
2024-12-24 10:24:05,587 - Step 48: Assigned value to cell (7, 4)
2024-12-24 10:24:05,587 - Trying to assign value 5 to cell (7, 7)
2024-12-24 10:24:05,594 - Step 49: Assigned value to cell (7, 7)
2024-12-24 10:24:05,594 - Trying to assign value 1 to cell (8, 1)
2024-12-24 10:24:05,605 - Step 50: Assigned value to cell (8, 1)
2024-12-24 10:24:05,605 - Trying to assign value 7 to cell (8, 2)
2024-12-24 10:24:05,617 - Step 51: Assigned value to cell (8, 2)
2024-12-24 10:24:05,617 - Trying to assign value 5 to cell (8, 3)
2024-12-24 10:24:05,626 - Step 52: Assigned value to cell (8, 3)
2024-12-24 10:24:05,627 - Trying to assign value 2 to cell (8, 4)
2024-12-24 10:24:05,638 - Step 53: Assigned value to cell (8, 4)
2024-12-24 10:24:05,638 - Trying to assign value 9 to cell (8, 7)
2024-12-24 10:24:05,647 - Step 54: Assigned value to cell (8, 7)
2024-12-24 10:24:05,647 - Board solved successfully.
2024-12-24 10:24:55,926 - Trying to assign value 1 to cell (0, 0)
2024-12-24 10:24:55,943 - Step 1: Assigned value to cell (0, 0)
2024-12-24 10:24:55,943 - Trying to assign value 9 to cell (0, 1)
2024-12-24 10:24:55,958 - Step 2: Assigned value to cell (0, 1)
2024-12-24 10:24:55,958 - Trying to assign value 7 to cell (0, 2)
2024-12-24 10:24:55,975 - Step 3: Assigned value to cell (0, 2)
2024-12-24 10:24:55,976 - Trying to assign value 2 to cell (0, 3)
2024-12-24 10:24:55,994 - Step 4: Assigned value to cell (0, 3)
2024-12-24 10:24:55,995 - Trying to assign value 4 to cell (0, 5)
2024-12-24 10:24:56,014 - Step 5: Assigned value to cell (0, 5)
2024-12-24 10:24:56,014 - Trying to assign value 8 to cell (0, 7)
2024-12-24 10:24:56,028 - Step 6: Assigned value to cell (0, 7)
2024-12-24 10:24:56,028 - Trying to assign value 6 to cell (0, 8)
2024-12-24 10:24:56,043 - Step 7: Assigned value to cell (0, 8)
2024-12-24 10:24:56,044 - Trying to assign value 4 to cell (1, 1)
2024-12-24 10:24:56,056 - Step 8: Assigned value to cell (1, 1)
2024-12-24 10:24:56,057 - Trying to assign value 3 to cell (1, 2)
2024-12-24 10:24:56,067 - Step 9: Assigned value to cell (1, 2)
2024-12-24 10:24:56,067 - Trying to assign value 1 to cell (1, 3)
2024-12-24 10:24:56,075 - Step 10: Assigned value to cell (1, 3)
2024-12-24 10:24:56,076 - Trying to assign value 6 to cell (1, 4)
2024-12-24 10:24:56,083 - Step 11: Assigned value to cell (1, 4)
2024-12-24 10:24:56,084 - Trying to assign value 8 to cell (1, 5)
2024-12-24 10:24:56,092 - Step 12: Assigned value to cell (1, 5)
2024-12-24 10:24:56,092 - Trying to assign value 2 to cell (1, 6)
2024-12-24 10:24:56,099 - Step 13: Assigned value to cell (1, 6)
2024-12-24 10:24:56,099 - Trying to assign value 7 to cell (1, 7)
2024-12-24 10:24:56,106 - Step 14: Assigned value to cell (1, 7)
2024-12-24 10:24:56,106 - Trying to assign value 8 to cell (2, 1)
2024-12-24 10:24:56,112 - Step 15: Assigned value to cell (2, 1)
2024-12-24 10:24:56,113 - Trying to assign value 6 to cell (2, 2)
2024-12-24 10:24:56,120 - Step 16: Assigned value to cell (2, 2)
2024-12-24 10:24:56,120 - Trying to assign value 7 to cell (2, 3)
2024-12-24 10:24:56,127 - Step 17: Assigned value to cell (2, 3)
2024-12-24 10:24:56,127 - Trying to assign value 5 to cell (2, 5)
2024-12-24 10:24:56,133 - Step 18: Assigned value to cell (2, 5)
2024-12-24 10:24:56,134 - Trying to assign value 3 to cell (2, 8)
2024-12-24 10:24:56,139 - Step 19: Assigned value to cell (2, 8)
2024-12-24 10:24:56,140 - Trying to assign value 3 to cell (3, 0)
2024-12-24 10:24:56,145 - Step 20: Assigned value to cell (3, 0)
2024-12-24 10:24:56,145 - Trying to assign value 1 to cell (3, 1)
2024-12-24 10:24:56,152 - Step 21: Assigned value to cell (3, 1)
2024-12-24 10:24:56,152 - Trying to assign value 2 to cell (3, 2)
2024-12-24 10:24:56,159 - Step 22: Assigned value to cell (3, 2)
2024-12-24 10:24:56,159 - Trying to assign value 8 to cell (3, 3)
2024-12-24 10:24:56,166 - Step 23: Assigned value to cell (3, 3)
2024-12-24 10:24:56,167 - Trying to assign value 5 to cell (3, 4)
2024-12-24 10:24:56,172 - Step 24: Assigned value to cell (3, 4)
2024-12-24 10:24:56,172 - Trying to assign value 7 to cell (3, 5)
2024-12-24 10:24:56,179 - Step 25: Assigned value to cell (3, 5)
2024-12-24 10:24:56,180 - Trying to assign value 9 to cell (3, 7)
2024-12-24 10:24:56,186 - Step 26: Assigned value to cell (3, 7)
2024-12-24 10:24:56,187 - Trying to assign value 8 to cell (4, 0)
2024-12-24 10:24:56,192 - Step 27: Assigned value to cell (4, 0)
2024-12-24 10:24:56,193 - Trying to assign value 5 to cell (4, 1)
2024-12-24 10:24:56,199 - Step 28: Assigned value to cell (4, 1)
2024-12-24 10:24:56,199 - Trying to assign value 6 to cell (4, 3)
2024-12-24 10:24:56,207 - Step 29: Assigned value to cell (4, 3)
2024-12-24 10:24:56,207 - Trying to assign value 4 to cell (4, 4)
2024-12-24 10:24:56,213 - Step 30: Assigned value to cell (4, 4)
2024-12-24 10:24:56,213 - Trying to assign value 3 to cell (4, 6)
2024-12-24 10:24:56,219 - Step 31: Assigned value to cell (4, 6)
2024-12-24 10:24:56,219 - Trying to assign value 7 to cell (4, 8)
2024-12-24 10:24:56,226 - Step 32: Assigned value to cell (4, 8)
2024-12-24 10:24:56,226 - Trying to assign value 6 to cell (5, 0)
2024-12-24 10:24:56,232 - Step 33: Assigned value to cell (5, 0)
2024-12-24 10:24:56,233 - Trying to assign value 4 to cell (5, 2)
2024-12-24 10:24:56,241 - Step 34: Assigned value to cell (5, 2)
2024-12-24 10:24:56,241 - Trying to assign value 9 to cell (5, 5)
2024-12-24 10:24:56,249 - Step 35: Assigned value to cell (5, 5)
2024-12-24 10:24:56,249 - Trying to assign value 8 to cell (5, 6)
2024-12-24 10:24:56,254 - Step 36: Assigned value to cell (5, 6)
2024-12-24 10:24:56,254 - Trying to assign value 5 to cell (5, 7)
2024-12-24 10:24:56,261 - Step 37: Assigned value to cell (5, 7)
2024-12-24 10:24:56,261 - Trying to assign value 2 to cell (5, 8)
2024-12-24 10:24:56,267 - Step 38: Assigned value to cell (5, 8)
2024-12-24 10:24:56,267 - Trying to assign value 5 to cell (6, 2)
2024-12-24 10:24:56,272 - Step 39: Assigned value to cell (6, 2)
2024-12-24 10:24:56,272 - Trying to assign value 9 to cell (6, 3)
2024-12-24 10:24:56,278 - Step 40: Assigned value to cell (6, 3)
2024-12-24 10:24:56,278 - Trying to assign value 3 to cell (6, 5)
2024-12-24 10:24:56,284 - Step 41: Assigned value to cell (6, 5)
2024-12-24 10:24:56,284 - Trying to assign value 1 to cell (6, 8)
2024-12-24 10:24:56,289 - Step 42: Assigned value to cell (6, 8)
2024-12-24 10:24:56,289 - Trying to assign value 1 to cell (7, 2)
2024-12-24 10:24:56,294 - Step 43: Assigned value to cell (7, 2)
2024-12-24 10:24:56,295 - Trying to assign value 6 to cell (7, 5)
2024-12-24 10:24:56,300 - Step 44: Assigned value to cell (7, 5)
2024-12-24 10:24:56,300 - Trying to assign value 8 to cell (7, 8)
2024-12-24 10:24:56,355 - Step 45: Assigned value to cell (7, 8)
2024-12-24 10:24:56,355 - Trying to assign value 9 to cell (8, 0)
2024-12-24 10:24:56,368 - Step 46: Assigned value to cell (8, 0)
2024-12-24 10:24:56,369 - Trying to assign value 4 to cell (8, 3)
2024-12-24 10:24:56,387 - Step 47: Assigned value to cell (8, 3)
2024-12-24 10:24:56,388 - Trying to assign value 2 to cell (8, 4)
2024-12-24 10:24:56,401 - Step 48: Assigned value to cell (8, 4)
2024-12-24 10:24:56,402 - Board solved successfully.
2024-12-24 10:27:23,896 - Trying to assign value 3 to cell (0, 4)
2024-12-24 10:27:23,900 - Step 1: Assigned value to cell (0, 4)
2024-12-24 10:27:23,901 - Trying to assign value 3 to cell (1, 2)
2024-12-24 10:27:23,904 - Step 2: Assigned value to cell (1, 2)
2024-12-24 10:27:23,904 - Trying to assign value 5 to cell (1, 4)
2024-12-24 10:27:23,908 - Step 3: Assigned value to cell (1, 4)
2024-12-24 10:27:23,909 - Trying to assign value 4 to cell (2, 1)
2024-12-24 10:27:23,913 - Step 4: Assigned value to cell (2, 1)
2024-12-24 10:27:23,913 - Trying to assign value 8 to cell (2, 5)
2024-12-24 10:27:23,919 - Step 5: Assigned value to cell (2, 5)
2024-12-24 10:27:23,919 - Trying to assign value 3 to cell (2, 6)
2024-12-24 10:27:23,922 - Step 6: Assigned value to cell (2, 6)
2024-12-24 10:27:23,922 - Trying to assign value 5 to cell (2, 7)
2024-12-24 10:27:23,926 - Step 7: Assigned value to cell (2, 7)
2024-12-24 10:27:23,926 - Trying to assign value 2 to cell (3, 0)
2024-12-24 10:27:23,929 - Step 8: Assigned value to cell (3, 0)
2024-12-24 10:27:23,929 - Trying to assign value 8 to cell (3, 3)
2024-12-24 10:27:23,933 - Step 9: Assigned value to cell (3, 3)
2024-12-24 10:27:23,933 - Trying to assign value 5 to cell (3, 6)
2024-12-24 10:27:23,936 - Step 10: Assigned value to cell (3, 6)
2024-12-24 10:27:23,936 - Trying to assign value 6 to cell (4, 2)
2024-12-24 10:27:23,939 - Step 11: Assigned value to cell (4, 2)
2024-12-24 10:27:23,939 - Trying to assign value 5 to cell (4, 3)
2024-12-24 10:27:23,942 - Step 12: Assigned value to cell (4, 3)
2024-12-24 10:27:23,942 - Trying to assign value 6 to cell (5, 3)
2024-12-24 10:27:23,946 - Step 13: Assigned value to cell (5, 3)
2024-12-24 10:27:23,946 - Trying to assign value 4 to cell (5, 5)
2024-12-24 10:27:23,950 - Step 14: Assigned value to cell (5, 5)
2024-12-24 10:27:23,950 - Trying to assign value 3 to cell (5, 7)
2024-12-24 10:27:23,953 - Step 15: Assigned value to cell (5, 7)
2024-12-24 10:27:23,954 - Trying to assign value 8 to cell (6, 2)
2024-12-24 10:27:23,957 - Step 16: Assigned value to cell (6, 2)
2024-12-24 10:27:23,957 - Trying to assign value 1 to cell (6, 7)
2024-12-24 10:27:23,960 - Step 17: Assigned value to cell (6, 7)
2024-12-24 10:27:23,960 - Trying to assign value 2 to cell (7, 1)
2024-12-24 10:27:23,963 - Step 18: Assigned value to cell (7, 1)
2024-12-24 10:27:23,963 - Trying to assign value 9 to cell (7, 3)
2024-12-24 10:27:23,968 - Step 19: Assigned value to cell (7, 3)
2024-12-24 10:27:23,968 - Trying to assign value 8 to cell (7, 4)
2024-12-24 10:27:23,973 - Step 20: Assigned value to cell (7, 4)
2024-12-24 10:27:23,973 - Trying to assign value 4 to cell (8, 0)
2024-12-24 10:27:23,976 - Step 21: Assigned value to cell (8, 0)
2024-12-24 10:27:23,976 - Trying to assign value 1 to cell (8, 4)
2024-12-24 10:27:23,981 - Step 22: Assigned value to cell (8, 4)
2024-12-24 10:27:23,981 - Trying to assign value 6 to cell (8, 5)
2024-12-24 10:27:23,986 - Step 23: Assigned value to cell (8, 5)
2024-12-24 10:27:23,986 - Board solved successfully.
2024-12-24 10:27:35,114 - Trying to assign value 6 to cell (0, 0)
2024-12-24 10:27:35,121 - Step 1: Assigned value to cell (0, 0)
2024-12-24 10:27:35,121 - Trying to assign value 5 to cell (0, 2)
2024-12-24 10:27:35,128 - Step 2: Assigned value to cell (0, 2)
2024-12-24 10:27:35,128 - Trying to assign value 1 to cell (0, 3)
2024-12-24 10:27:35,136 - Step 3: Assigned value to cell (0, 3)
2024-12-24 10:27:35,136 - Trying to assign value 4 to cell (0, 5)
2024-12-24 10:27:35,142 - Step 4: Assigned value to cell (0, 5)
2024-12-24 10:27:35,142 - Trying to assign value 1 to cell (1, 1)
2024-12-24 10:27:35,149 - Step 5: Assigned value to cell (1, 1)
2024-12-24 10:27:35,149 - Trying to assign value 2 to cell (1, 2)
2024-12-24 10:27:35,155 - Step 6: Assigned value to cell (1, 2)
2024-12-24 10:27:35,155 - Trying to assign value 8 to cell (1, 5)
2024-12-24 10:27:35,162 - Step 7: Assigned value to cell (1, 5)
2024-12-24 10:27:35,162 - Trying to assign value 4 to cell (1, 6)
2024-12-24 10:27:35,167 - Step 8: Assigned value to cell (1, 6)
2024-12-24 10:27:35,168 - Trying to assign value 5 to cell (1, 8)
2024-12-24 10:27:35,172 - Step 9: Assigned value to cell (1, 8)
2024-12-24 10:27:35,173 - Trying to assign value 3 to cell (2, 0)
2024-12-24 10:27:35,179 - Step 10: Assigned value to cell (2, 0)
2024-12-24 10:27:35,179 - Trying to assign value 7 to cell (2, 4)
2024-12-24 10:27:35,184 - Step 11: Assigned value to cell (2, 4)
2024-12-24 10:27:35,185 - Trying to assign value 9 to cell (2, 5)
2024-12-24 10:27:35,191 - Step 12: Assigned value to cell (2, 5)
2024-12-24 10:27:35,191 - Trying to assign value 2 to cell (2, 6)
2024-12-24 10:27:35,197 - Step 13: Assigned value to cell (2, 6)
2024-12-24 10:27:35,197 - Trying to assign value 1 to cell (2, 8)
2024-12-24 10:27:35,201 - Step 14: Assigned value to cell (2, 8)
2024-12-24 10:27:35,201 - Trying to assign value 3 to cell (3, 1)
2024-12-24 10:27:35,205 - Step 15: Assigned value to cell (3, 1)
2024-12-24 10:27:35,206 - Trying to assign value 6 to cell (3, 2)
2024-12-24 10:27:35,211 - Step 16: Assigned value to cell (3, 2)
2024-12-24 10:27:35,211 - Trying to assign value 1 to cell (3, 5)
2024-12-24 10:27:35,217 - Step 17: Assigned value to cell (3, 5)
2024-12-24 10:27:35,217 - Trying to assign value 8 to cell (3, 7)
2024-12-24 10:27:35,222 - Step 18: Assigned value to cell (3, 7)
2024-12-24 10:27:35,222 - Trying to assign value 2 to cell (4, 1)
2024-12-24 10:27:35,227 - Step 19: Assigned value to cell (4, 1)
2024-12-24 10:27:35,227 - Trying to assign value 6 to cell (4, 3)
2024-12-24 10:27:35,231 - Step 20: Assigned value to cell (4, 3)
2024-12-24 10:27:35,231 - Trying to assign value 4 to cell (4, 7)
2024-12-24 10:27:35,235 - Step 21: Assigned value to cell (4, 7)
2024-12-24 10:27:35,235 - Trying to assign value 3 to cell (4, 8)
2024-12-24 10:27:35,241 - Step 22: Assigned value to cell (4, 8)
2024-12-24 10:27:35,241 - Trying to assign value 8 to cell (5, 0)
2024-12-24 10:27:35,247 - Step 23: Assigned value to cell (5, 0)
2024-12-24 10:27:35,248 - Trying to assign value 9 to cell (5, 3)
2024-12-24 10:27:35,252 - Step 24: Assigned value to cell (5, 3)
2024-12-24 10:27:35,252 - Trying to assign value 6 to cell (5, 6)
2024-12-24 10:27:35,258 - Step 25: Assigned value to cell (5, 6)
2024-12-24 10:27:35,258 - Trying to assign value 1 to cell (5, 7)
2024-12-24 10:27:35,263 - Step 26: Assigned value to cell (5, 7)
2024-12-24 10:27:35,263 - Trying to assign value 5 to cell (6, 0)
2024-12-24 10:27:35,271 - Step 27: Assigned value to cell (6, 0)
2024-12-24 10:27:35,271 - Trying to assign value 1 to cell (6, 2)
2024-12-24 10:27:35,277 - Step 28: Assigned value to cell (6, 2)
2024-12-24 10:27:35,277 - Trying to assign value 8 to cell (6, 3)
2024-12-24 10:27:35,283 - Step 29: Assigned value to cell (6, 3)
2024-12-24 10:27:35,283 - Trying to assign value 9 to cell (6, 4)
2024-12-24 10:27:35,287 - Step 30: Assigned value to cell (6, 4)
2024-12-24 10:27:35,287 - Trying to assign value 2 to cell (6, 5)
2024-12-24 10:27:35,293 - Step 31: Assigned value to cell (6, 5)
2024-12-24 10:27:35,293 - Trying to assign value 3 to cell (6, 6)
2024-12-24 10:27:35,299 - Step 32: Assigned value to cell (6, 6)
2024-12-24 10:27:35,299 - Trying to assign value 9 to cell (7, 0)
2024-12-24 10:27:35,304 - Step 33: Assigned value to cell (7, 0)
2024-12-24 10:27:35,305 - Trying to assign value 1 to cell (7, 6)
2024-12-24 10:27:35,308 - Step 34: Assigned value to cell (7, 6)
2024-12-24 10:27:35,308 - Trying to assign value 2 to cell (7, 7)
2024-12-24 10:27:35,312 - Step 35: Assigned value to cell (7, 7)
2024-12-24 10:27:35,312 - Trying to assign value 2 to cell (8, 0)
2024-12-24 10:27:35,318 - Step 36: Assigned value to cell (8, 0)
2024-12-24 10:27:35,318 - Trying to assign value 7 to cell (8, 1)
2024-12-24 10:27:35,323 - Step 37: Assigned value to cell (8, 1)
2024-12-24 10:27:35,323 - Trying to assign value 3 to cell (8, 2)
2024-12-24 10:27:35,329 - Step 38: Assigned value to cell (8, 2)
2024-12-24 10:27:35,329 - Trying to assign value 1 to cell (8, 4)
2024-12-24 10:27:35,334 - Step 39: Assigned value to cell (8, 4)
2024-12-24 10:27:35,334 - Trying to assign value 6 to cell (8, 5)
2024-12-24 10:27:35,340 - Step 40: Assigned value to cell (8, 5)
2024-12-24 10:27:35,340 - Trying to assign value 9 to cell (8, 8)
2024-12-24 10:27:35,346 - Step 41: Assigned value to cell (8, 8)
2024-12-24 10:27:35,346 - Board solved successfully.
2024-12-24 10:31:44,294 - Trying to assign value 9 to cell (0, 0)
2024-12-24 10:31:44,301 - Step 1: Assigned value to cell (0, 0)
2024-12-24 10:31:44,301 - Trying to assign value 7 to cell (0, 1)
2024-12-24 10:31:44,309 - Step 2: Assigned value to cell (0, 1)
2024-12-24 10:31:44,309 - Trying to assign value 8 to cell (0, 7)
2024-12-24 10:31:44,316 - Step 3: Assigned value to cell (0, 7)
2024-12-24 10:31:44,317 - Trying to assign value 2 to cell (1, 1)
2024-12-24 10:31:44,325 - Step 4: Assigned value to cell (1, 1)
2024-12-24 10:31:44,325 - Trying to assign value 5 to cell (1, 4)
2024-12-24 10:31:44,334 - Step 5: Assigned value to cell (1, 4)
2024-12-24 10:31:44,335 - Trying to assign value 8 to cell (1, 5)
2024-12-24 10:31:44,343 - Step 6: Assigned value to cell (1, 5)
2024-12-24 10:31:44,344 - Trying to assign value 1 to cell (1, 7)
2024-12-24 10:31:44,351 - Step 7: Assigned value to cell (1, 7)
2024-12-24 10:31:44,351 - Trying to assign value 8 to cell (2, 2)
2024-12-24 10:31:44,360 - Step 8: Assigned value to cell (2, 2)
2024-12-24 10:31:44,360 - Trying to assign value 3 to cell (2, 3)
2024-12-24 10:31:44,366 - Step 9: Assigned value to cell (2, 3)
2024-12-24 10:31:44,367 - Trying to assign value 9 to cell (2, 4)
2024-12-24 10:31:44,376 - Step 10: Assigned value to cell (2, 4)
2024-12-24 10:31:44,376 - Trying to assign value 6 to cell (3, 4)
2024-12-24 10:31:44,383 - Step 11: Assigned value to cell (3, 4)
2024-12-24 10:31:44,384 - Trying to assign value 1 to cell (3, 5)
2024-12-24 10:31:44,390 - Step 12: Assigned value to cell (3, 5)
2024-12-24 10:31:44,390 - Trying to assign value 6 to cell (4, 0)
2024-12-24 10:31:44,398 - Step 13: Assigned value to cell (4, 0)
2024-12-24 10:31:44,398 - Trying to assign value 1 to cell (4, 1)
2024-12-24 10:31:44,407 - Step 14: Assigned value to cell (4, 1)
2024-12-24 10:31:44,407 - Trying to assign value 2 to cell (4, 5)
2024-12-24 10:31:44,421 - Step 15: Assigned value to cell (4, 5)
2024-12-24 10:31:44,421 - Trying to assign value 8 to cell (4, 6)
2024-12-24 10:31:44,428 - Step 16: Assigned value to cell (4, 6)
2024-12-24 10:31:44,428 - Trying to assign value 3 to cell (4, 7)
2024-12-24 10:31:44,438 - Step 17: Assigned value to cell (4, 7)
2024-12-24 10:31:44,438 - Trying to assign value 7 to cell (5, 0)
2024-12-24 10:31:44,443 - Step 18: Assigned value to cell (5, 0)
2024-12-24 10:31:44,443 - Trying to assign value 5 to cell (5, 2)
2024-12-24 10:31:44,449 - Step 19: Assigned value to cell (5, 2)
2024-12-24 10:31:44,449 - Trying to assign value 1 to cell (5, 6)
2024-12-24 10:31:44,453 - Step 20: Assigned value to cell (5, 6)
2024-12-24 10:31:44,453 - Trying to assign value 2 to cell (5, 8)
2024-12-24 10:31:44,457 - Step 21: Assigned value to cell (5, 8)
2024-12-24 10:31:44,457 - Trying to assign value 4 to cell (6, 3)
2024-12-24 10:31:44,461 - Step 22: Assigned value to cell (6, 3)
2024-12-24 10:31:44,461 - Trying to assign value 9 to cell (6, 5)
2024-12-24 10:31:44,466 - Step 23: Assigned value to cell (6, 5)
2024-12-24 10:31:44,466 - Trying to assign value 2 to cell (6, 7)
2024-12-24 10:31:44,471 - Step 24: Assigned value to cell (6, 7)
2024-12-24 10:31:44,471 - Trying to assign value 4 to cell (7, 1)
2024-12-24 10:31:44,475 - Step 25: Assigned value to cell (7, 1)
2024-12-24 10:31:44,476 - Trying to assign value 2 to cell (7, 2)
2024-12-24 10:31:44,479 - Step 26: Assigned value to cell (7, 2)
2024-12-24 10:31:44,479 - Trying to assign value 1 to cell (7, 4)
2024-12-24 10:31:44,484 - Step 27: Assigned value to cell (7, 4)
2024-12-24 10:31:44,485 - Trying to assign value 5 to cell (7, 5)
2024-12-24 10:31:44,490 - Step 28: Assigned value to cell (7, 5)
2024-12-24 10:31:44,490 - Trying to assign value 3 to cell (8, 4)
2024-12-24 10:31:44,495 - Step 29: Assigned value to cell (8, 4)
2024-12-24 10:31:44,495 - Trying to assign value 7 to cell (8, 7)
2024-12-24 10:31:44,499 - Step 30: Assigned value to cell (8, 7)
2024-12-24 10:31:44,499 - Trying to assign value 8 to cell (8, 8)
2024-12-24 10:31:44,502 - Step 31: Assigned value to cell (8, 8)
2024-12-24 10:31:44,502 - Board solved successfully.
